🌍 Using AWS region: us-east-1
# 💰 CloudFormation Stack Cost Comparison
============================================================

## 📊 Cost Impact Summary
💵 **Current Monthly Cost**: $109.94
💰 **New Monthly Cost**: $154.72
📈 **Monthly Cost INCREASE**: $+44.78 (+40.7%)

## 🔄 Resource Changes Summary
➕ **Added**: 44 resources
❌ **Removed**: 26 resources
🔄 **Modified**: 0 resources

## 📊 Resource Type Comparison
+-------------------------+-----------+-------+----------+
|      Resource Type      |   Current |   New |   Change |
+=========================+===========+=======+==========+
| 💰 Fixed Cost Resources  |         4 |     7 |       +3 |
+-------------------------+-----------+-------+----------+
| 📊 Usage-Based Resources |         3 |    15 |      +12 |
+-------------------------+-----------+-------+----------+
|    🆓 Free Resources     |        19 |    18 |       -1 |
+-------------------------+-----------+-------+----------+

## 📋 New Template Cost Breakdown
+----------------------------------------+-----------------------+-----------------------+----------------------------------------------------+
| Resource Type                          | Resource ID           | Monthly Cost          | Pricing Details                                    |
+========================================+=======================+=======================+====================================================+
| 💰 EC2::Instance                        | TestEC2Instance       | $7.59/month           | $0.010400 per Hrs - $0.0104 per On Demand Linux    |
|                                        |                       |                       | t3...                                              |
+----------------------------------------+-----------------------+-----------------------+----------------------------------------------------+
| 💰 EC2::Volume                          | TestEBSVolume         | $58.40/month          | $0.080000 per GB-Mo - $0.08 per GB-month of        |
|                                        |                       |                       | Genera...                                          |
+----------------------------------------+-----------------------+-----------------------+----------------------------------------------------+
| 💰 ElasticLoadBalancingV2::LoadBalancer | TestALB               | $18.25/month          | $0.025000 per Hrs - $0.025 per LoadBalancer-hour   |
|                                        |                       |                       | (...                                               |
+----------------------------------------+-----------------------+-----------------------+----------------------------------------------------+
| 💰 RDS::DBInstance                      | TestRDSInstance       | $24.82/month          | $0.034000 per Hrs - USD 0.034 per db.t3.micro      |
|                                        |                       |                       | Mult...                                            |
+----------------------------------------+-----------------------+-----------------------+----------------------------------------------------+
| 💰 SecretsManager::Secret               | TestSecret            | $0.40/month           | $0.400000 per Secrets - $0.40 per Secret           |
+----------------------------------------+-----------------------+-----------------------+----------------------------------------------------+
| 💰 EC2::NatGateway                      | TestNATGateway        | $32.85/month          | $0.045000 per Hrs - $0.045 per NAT Gateway Hour    |
+----------------------------------------+-----------------------+-----------------------+----------------------------------------------------+
| 💰 ElastiCache::CacheCluster            | TestElastiCacheClu... | $12.41/month          | $0.017000 per Hrs - $0.017 per T3 Micro Cache      |
|                                        |                       |                       | node...                                            |
+----------------------------------------+-----------------------+-----------------------+----------------------------------------------------+
| 📊 EC2::EIP                             | TestEIP               | Usage-based           | Monthly cost depends on usage                      |
+----------------------------------------+-----------------------+-----------------------+----------------------------------------------------+
| ├─ Hrs (first 1)                       |                       | $0.00000000 per Hrs   | Monthly cost depends on usage                      |
+----------------------------------------+-----------------------+-----------------------+----------------------------------------------------+
| ├─ Hrs (next Inf)                      |                       | $0.01 per Hrs         | Monthly cost depends on usage                      |
+----------------------------------------+-----------------------+-----------------------+----------------------------------------------------+
| 📊 S3::Bucket                           | TestS3Bucket          | Usage-based           | Monthly cost depends on usage                      |
+----------------------------------------+-----------------------+-----------------------+----------------------------------------------------+
| ├─ Gb-Mo (first 51K)                   |                       | $0.02 per GB-Mo       | Monthly cost depends on usage                      |
+----------------------------------------+-----------------------+-----------------------+----------------------------------------------------+
| ├─ Gb-Mo (next 460K)                   |                       | $0.02 per GB-Mo       | Monthly cost depends on usage                      |
+----------------------------------------+-----------------------+-----------------------+----------------------------------------------------+
| ├─ Gb-Mo (next Inf)                    |                       | $0.02 per GB-Mo       | Monthly cost depends on usage                      |
+----------------------------------------+-----------------------+-----------------------+----------------------------------------------------+
| 📊 Lambda::Function                     | TestLambdaFunction    | Usage-based           | Monthly cost depends on usage                      |
+----------------------------------------+-----------------------+-----------------------+----------------------------------------------------+
| ├─ Seconds (first 6B)                  |                       | $0.000017 per seconds | Monthly cost depends on usage                      |
+----------------------------------------+-----------------------+-----------------------+----------------------------------------------------+
| ├─ Seconds (next 9B)                   |                       | $0.000015 per seconds | Monthly cost depends on usage                      |
+----------------------------------------+-----------------------+-----------------------+----------------------------------------------------+
| ├─ Seconds (next Inf)                  |                       | $0.000013 per seconds | Monthly cost depends on usage                      |
+----------------------------------------+-----------------------+-----------------------+----------------------------------------------------+
| 📊 Logs::LogGroup                       | TestLogGroup          | Usage-based           | $0.500000 per GB - $0.50 per GB custom log data    |
|                                        |                       |                       | in...                                              |
+----------------------------------------+-----------------------+-----------------------+----------------------------------------------------+
| 📊 SNS::Topic                           | TestSNSTopic          | Usage-based           | Monthly cost depends on usage                      |
+----------------------------------------+-----------------------+-----------------------+----------------------------------------------------+
| ├─ Requests (first 1M)                 |                       | $0.00 per 1M requests | Monthly cost depends on usage                      |
+----------------------------------------+-----------------------+-----------------------+----------------------------------------------------+
| ├─ Requests (next Inf)                 |                       | $0.50 per 1M requests | Monthly cost depends on usage                      |
+----------------------------------------+-----------------------+-----------------------+----------------------------------------------------+
| 📊 SQS::Queue                           | TestSQSQueue          | Usage-based           | Monthly cost depends on usage                      |
+----------------------------------------+-----------------------+-----------------------+----------------------------------------------------+
| ├─ Requests (first 1M)                 |                       | $0.00 per 1M requests | Monthly cost depends on usage                      |
+----------------------------------------+-----------------------+-----------------------+----------------------------------------------------+
| ├─ Requests (next Inf)                 |                       | $0.50 per 1M requests | Monthly cost depends on usage                      |
+----------------------------------------+-----------------------+-----------------------+----------------------------------------------------+
| 📊 ApiGateway::RestApi                  | TestAPIGateway        | Usage-based           | Monthly cost depends on usage                      |
+----------------------------------------+-----------------------+-----------------------+----------------------------------------------------+
| ├─ Requests (first 333M)               |                       | $3.50 per 1M requests | Monthly cost depends on usage                      |
+----------------------------------------+-----------------------+-----------------------+----------------------------------------------------+
| ├─ Requests (next 667M)                |                       | $2.80 per 1M requests | Monthly cost depends on usage                      |
+----------------------------------------+-----------------------+-----------------------+----------------------------------------------------+
| ├─ Requests (next 19B)                 |                       | $2.38 per 1M requests | Monthly cost depends on usage                      |
+----------------------------------------+-----------------------+-----------------------+----------------------------------------------------+
| └─ ... and 5 more tiers                |                       | Varies                | See detailed breakdown below                       |
+----------------------------------------+-----------------------+-----------------------+----------------------------------------------------+
| 📊 DynamoDB::Table                      | TestDynamoDBTable     | Usage-based           | Monthly cost depends on usage                      |
+----------------------------------------+-----------------------+-----------------------+----------------------------------------------------+
| ├─ Gb-Mo (first 25)                    |                       | $0.00000000 per GB-Mo | Monthly cost depends on usage                      |
+----------------------------------------+-----------------------+-----------------------+----------------------------------------------------+
| ├─ Gb-Mo (next Inf)                    |                       | $0.25 per GB-Mo       | Monthly cost depends on usage                      |
+----------------------------------------+-----------------------+-----------------------+----------------------------------------------------+
| 📊 CloudWatch::Alarm                    | TestAlarm             | Usage-based           | $0.100000 per Alarms - $0.10 per metric analyzed   |
|                                        |                       |                       | b...                                               |
+----------------------------------------+-----------------------+-----------------------+----------------------------------------------------+
| 📊 StepFunctions::StateMachine          | TestStateMachine      | Usage-based           | Usage-based pricing per state transition/request   |
+----------------------------------------+-----------------------+-----------------------+----------------------------------------------------+
| 📊 ECR::Repository                      | TestECRRepository     | Usage-based           | Usage-based pricing per GB storage + data transfer |
+----------------------------------------+-----------------------+-----------------------+----------------------------------------------------+
| 📊 EFS::FileSystem                      | TestEFSFileSystem     | Usage-based           | $0.300000 per GB-Mo - USD $0.30 per GB-Mo for      |
|                                        |                       |                       | Stan...                                            |
+----------------------------------------+-----------------------+-----------------------+----------------------------------------------------+
| 📊 CodeBuild::Project                   | TestCodeBuildProje... | Usage-based           | Usage-based pricing per build minute               |
+----------------------------------------+-----------------------+-----------------------+----------------------------------------------------+
| 📊 S3::Bucket                           | CloudTrailS3Bucket    | Usage-based           | Monthly cost depends on usage                      |
+----------------------------------------+-----------------------+-----------------------+----------------------------------------------------+
| ├─ Gb-Mo (first 51K)                   |                       | $0.02 per GB-Mo       | Monthly cost depends on usage                      |
+----------------------------------------+-----------------------+-----------------------+----------------------------------------------------+
| ├─ Gb-Mo (next 460K)                   |                       | $0.02 per GB-Mo       | Monthly cost depends on usage                      |
+----------------------------------------+-----------------------+-----------------------+----------------------------------------------------+
| ├─ Gb-Mo (next Inf)                    |                       | $0.02 per GB-Mo       | Monthly cost depends on usage                      |
+----------------------------------------+-----------------------+-----------------------+----------------------------------------------------+
| 📊 CloudTrail::Trail                    | TestCloudTrail        | Usage-based           | Usage-based pricing per 100K events                |
+----------------------------------------+-----------------------+-----------------------+----------------------------------------------------+
| 🆓 EC2::VPC                             | TestVPC               | Free                  | This resource is free to use                       |
+----------------------------------------+-----------------------+-----------------------+----------------------------------------------------+
| 🆓 EC2::Subnet                          | TestSubnet            | Free                  | This resource is free to use                       |
+----------------------------------------+-----------------------+-----------------------+----------------------------------------------------+
| 🆓 EC2::InternetGateway                 | TestInternetGatewa... | Free                  | This resource is free to use                       |
+----------------------------------------+-----------------------+-----------------------+----------------------------------------------------+
| 🆓 EC2::VPCGatewayAttachment            | AttachGateway         | Free                  | This resource is free to use                       |
+----------------------------------------+-----------------------+-----------------------+----------------------------------------------------+
| 🆓 EC2::RouteTable                      | TestRouteTable        | Free                  | This resource is free to use                       |
+----------------------------------------+-----------------------+-----------------------+----------------------------------------------------+
| 🆓 EC2::Route                           | TestRoute             | Free                  | This resource is free to use                       |
+----------------------------------------+-----------------------+-----------------------+----------------------------------------------------+
| 🆓 EC2::SubnetRouteTableAssociation     | SubnetRouteTableAs... | Free                  | This resource is free to use                       |
+----------------------------------------+-----------------------+-----------------------+----------------------------------------------------+
| 🆓 EC2::SecurityGroup                   | TestSecurityGroup     | Free                  | This resource is free to use                       |
+----------------------------------------+-----------------------+-----------------------+----------------------------------------------------+
| 🆓 IAM::Role                            | TestRole              | Free                  | This resource is free to use                       |
+----------------------------------------+-----------------------+-----------------------+----------------------------------------------------+
| 🆓 IAM::InstanceProfile                 | TestInstanceProfil... | Free                  | This resource is free to use                       |
+----------------------------------------+-----------------------+-----------------------+----------------------------------------------------+
| 🆓 IAM::Role                            | LambdaRole            | Free                  | This resource is free to use                       |
+----------------------------------------+-----------------------+-----------------------+----------------------------------------------------+
| 🆓 RDS::DBSubnetGroup                   | TestRDSSubnetGroup    | Free                  | This resource is free to use                       |
+----------------------------------------+-----------------------+-----------------------+----------------------------------------------------+
| 🆓 EC2::Subnet                          | TestSubnet2           | Free                  | This resource is free to use                       |
+----------------------------------------+-----------------------+-----------------------+----------------------------------------------------+
| 🆓 ElastiCache::SubnetGroup             | TestElastiCacheSub... | Free                  | This resource is free to use                       |
+----------------------------------------+-----------------------+-----------------------+----------------------------------------------------+
| 🆓 IAM::Role                            | EKSServiceRole        | Free                  | This resource is free to use                       |
+----------------------------------------+-----------------------+-----------------------+----------------------------------------------------+
| 🆓 IAM::Role                            | StepFunctionsRole     | Free                  | This resource is free to use                       |
+----------------------------------------+-----------------------+-----------------------+----------------------------------------------------+
| 🆓 IAM::Role                            | CodeBuildServiceRo... | Free                  | This resource is free to use                       |
+----------------------------------------+-----------------------+-----------------------+----------------------------------------------------+
| 🆓 S3::BucketPolicy                     | CloudTrailS3Bucket... | Free                  | This resource is free to use                       |
+----------------------------------------+-----------------------+-----------------------+----------------------------------------------------+
| ❓ KMS::Key                             | TestKMSKey            | Unknown               | Pricing information not available                  |
+----------------------------------------+-----------------------+-----------------------+----------------------------------------------------+
| ❓ EKS::Cluster                         | TestEKSCluster        | Unknown               | Pricing information not available                  |
+----------------------------------------+-----------------------+-----------------------+----------------------------------------------------+
| ❓ Route53::HostedZone                  | TestHostedZone        | Unknown               | Pricing information not available                  |
+----------------------------------------+-----------------------+-----------------------+----------------------------------------------------+
| ❓ CloudWatch::Dashboard                | TestDashboard         | Unknown               | Pricing information not available                  |
+----------------------------------------+-----------------------+-----------------------+----------------------------------------------------+

## 📊 Detailed Tiered Pricing Information
Complete pricing tiers for usage-based resources:

### EC2::EIP (TestEIP)
**Tiered pricing with 2 tiers**

+--------+----------------+---------------------+
| Tier   | Usage Range    | Price               |
+========+================+=====================+
| Tier 1 | Hrs (first 1)  | $0.00000000 per Hrs |
+--------+----------------+---------------------+
| Tier 2 | Hrs (next Inf) | $0.01 per Hrs       |
+--------+----------------+---------------------+

### S3::Bucket (TestS3Bucket)
**Tiered pricing with 3 tiers**

+--------+-------------------+-----------------+
| Tier   | Usage Range       | Price           |
+========+===================+=================+
| Tier 1 | Gb-Mo (first 51K) | $0.02 per GB-Mo |
+--------+-------------------+-----------------+
| Tier 2 | Gb-Mo (next 460K) | $0.02 per GB-Mo |
+--------+-------------------+-----------------+
| Tier 3 | Gb-Mo (next Inf)  | $0.02 per GB-Mo |
+--------+-------------------+-----------------+

### Lambda::Function (TestLambdaFunction)
**Tiered pricing with 3 tiers**

+--------+--------------------+-----------------------+
| Tier   | Usage Range        | Price                 |
+========+====================+=======================+
| Tier 1 | Seconds (first 6B) | $0.000017 per seconds |
+--------+--------------------+-----------------------+
| Tier 2 | Seconds (next 9B)  | $0.000015 per seconds |
+--------+--------------------+-----------------------+
| Tier 3 | Seconds (next Inf) | $0.000013 per seconds |
+--------+--------------------+-----------------------+

### SNS::Topic (TestSNSTopic)
**Tiered pricing with 2 tiers**

+--------+---------------------+-----------------------+
| Tier   | Usage Range         | Price                 |
+========+=====================+=======================+
| Tier 1 | Requests (first 1M) | $0.00 per 1M requests |
+--------+---------------------+-----------------------+
| Tier 2 | Requests (next Inf) | $0.50 per 1M requests |
+--------+---------------------+-----------------------+

### SQS::Queue (TestSQSQueue)
**Tiered pricing with 2 tiers**

+--------+---------------------+-----------------------+
| Tier   | Usage Range         | Price                 |
+========+=====================+=======================+
| Tier 1 | Requests (first 1M) | $0.00 per 1M requests |
+--------+---------------------+-----------------------+
| Tier 2 | Requests (next Inf) | $0.50 per 1M requests |
+--------+---------------------+-----------------------+

### ApiGateway::RestApi (TestAPIGateway)
**Tiered pricing with 8 tiers**

+--------+-------------------------------------------+---------------------------------------------+
| Tier   | Usage Range                               | Price                                       |
+========+===========================================+=============================================+
| Tier 1 | Requests (first 333M)                     | $3.50 per 1M requests                       |
+--------+-------------------------------------------+---------------------------------------------+
| Tier 2 | Requests (next 667M)                      | $2.80 per 1M requests                       |
+--------+-------------------------------------------+---------------------------------------------+
| Tier 3 | Requests (next 19B)                       | $2.38 per 1M requests                       |
+--------+-------------------------------------------+---------------------------------------------+
| Tier 4 | Requests (next Inf)                       | $1.51 per 1M requests                       |
+--------+-------------------------------------------+---------------------------------------------+
| Tier 5 | Use1-Amazonapigateway-Request (next 333M) | $0.000003 per USE1-AmazonApiGateway-Request |
+--------+-------------------------------------------+---------------------------------------------+
| Tier 6 | Use1-Amazonapigateway-Request (next 667M) | $0.000003 per USE1-AmazonApiGateway-Request |
+--------+-------------------------------------------+---------------------------------------------+
| Tier 7 | Use1-Amazonapigateway-Request (next 19B)  | $0.000002 per USE1-AmazonApiGateway-Request |
+--------+-------------------------------------------+---------------------------------------------+
| Tier 8 | Use1-Amazonapigateway-Request (next Inf)  | $0.000002 per USE1-AmazonApiGateway-Request |
+--------+-------------------------------------------+---------------------------------------------+

### DynamoDB::Table (TestDynamoDBTable)
**Tiered pricing with 2 tiers**

+--------+------------------+-----------------------+
| Tier   | Usage Range      | Price                 |
+========+==================+=======================+
| Tier 1 | Gb-Mo (first 25) | $0.00000000 per GB-Mo |
+--------+------------------+-----------------------+
| Tier 2 | Gb-Mo (next Inf) | $0.25 per GB-Mo       |
+--------+------------------+-----------------------+

### S3::Bucket (CloudTrailS3Bucket)
**Tiered pricing with 3 tiers**

+--------+-------------------+-----------------+
| Tier   | Usage Range       | Price           |
+========+===================+=================+
| Tier 1 | Gb-Mo (first 51K) | $0.02 per GB-Mo |
+--------+-------------------+-----------------+
| Tier 2 | Gb-Mo (next 460K) | $0.02 per GB-Mo |
+--------+-------------------+-----------------+
| Tier 3 | Gb-Mo (next Inf)  | $0.02 per GB-Mo |
+--------+-------------------+-----------------+

## 📝 Notes
• Fixed costs are predictable monthly charges
• Usage-based costs depend on actual resource utilization
• Tiered pricing means cost per unit decreases with higher usage
• Free resources have no direct charges but may incur costs through usage
• Estimates are based on current AWS pricing and may vary
